#
# There is insufficient memory for the Java Runtime Environment to continue.
# Native memory allocation (malloc) failed to allocate 446496 bytes for Chunk::new
# Possible reasons:
#   The system is out of physical RAM or swap space
#   The process is running with CompressedOops enabled, and the Java Heap may be blocking the growth of the native heap
# Possible solutions:
#   Reduce memory load on the system
#   Increase physical memory or swap space
#   Check if swap backing store is full
#   Decrease Java heap size (-Xmx/-Xms)
#   Decrease number of Java threads
#   Decrease Java thread stack sizes (-Xss)
#   Set larger code cache with -XX:ReservedCodeCacheSize=
#   JVM is running with Unscaled Compressed Oops mode in which the Java heap is
#     placed in the first 4GB address space. The Java Heap base address is the
#     maximum limit for the native heap growth. Please use -XX:HeapBaseMinAddress
#     to set the Java Heap base and to place the Java Heap above 4GB virtual address.
# This output file may be truncated or incomplete.
#
#  Out of Memory Error (allocation.cpp:389), pid=22116, tid=0x0000000000004610
#
# JRE version: Java(TM) SE Runtime Environment (8.0_281-b09) (build 1.8.0_281-b09)
# Java VM: Java HotSpot(TM) 64-Bit Server VM (25.281-b09 mixed mode windows-amd64 compressed oops)
# Failed to write core dump. Minidumps are not enabled by default on client versions of Windows
#

---------------  T H R E A D  ---------------

Current thread (0x00000269259f9800):  JavaThread "C2 CompilerThread1" daemon [_thread_in_native, id=17936, stack(0x000000fd26e00000,0x000000fd26f00000)]

Stack: [0x000000fd26e00000,0x000000fd26f00000]
Native frames: (J=compiled Java code, j=interpreted, Vv=VM code, C=native code)
V  [jvm.dll+0x32e5b9]
V  [jvm.dll+0x275012]
V  [jvm.dll+0x275cbd]
V  [jvm.dll+0x26c6f5]
V  [jvm.dll+0xd51fc]
V  [jvm.dll+0xd59fc]
V  [jvm.dll+0x4523f2]
V  [jvm.dll+0x48d85d]
V  [jvm.dll+0x4423f1]
V  [jvm.dll+0x43f664]
V  [jvm.dll+0x42a5e7]
V  [jvm.dll+0xabe9b]
V  [jvm.dll+0xaa4fb]
V  [jvm.dll+0x23d6b2]
V  [jvm.dll+0x291cbc]
C  [ucrtbase.dll+0x210b2]
C  [KERNEL32.DLL+0x17c24]
C  [ntdll.dll+0x6d721]


Current CompileTask:
C2: 111787 5410   !   4       java.net.URL::<init> (543 bytes)


---------------  P R O C E S S  ---------------

Java Threads: ( => current thread )
  0x000002692923b000 JavaThread "DestroyJavaVM" [_thread_blocked, id=5832, stack(0x000000fd26300000,0x000000fd26400000)]
  0x0000026929236000 JavaThread "http-nio-8080-Acceptor" daemon [_thread_in_native, id=15252, stack(0x000000fd28400000,0x000000fd28500000)]
  0x000002692923c800 JavaThread "http-nio-8080-ClientPoller" daemon [_thread_in_native, id=18616, stack(0x000000fd28300000,0x000000fd28400000)]
  0x000002692923c000 JavaThread "http-nio-8080-exec-10" daemon [_thread_blocked, id=17300, stack(0x000000fd28200000,0x000000fd28300000)]
  0x0000026929236800 JavaThread "http-nio-8080-exec-9" daemon [_thread_blocked, id=9464, stack(0x000000fd28100000,0x000000fd28200000)]
  0x0000026929235000 JavaThread "http-nio-8080-exec-8" daemon [_thread_blocked, id=18436, stack(0x000000fd28000000,0x000000fd28100000)]
  0x0000026929b3e800 JavaThread "http-nio-8080-exec-7" daemon [_thread_blocked, id=20484, stack(0x000000fd27f00000,0x000000fd28000000)]
  0x0000026929b3c800 JavaThread "http-nio-8080-exec-6" daemon [_thread_blocked, id=14184, stack(0x000000fd27e00000,0x000000fd27f00000)]
  0x0000026929b3d000 JavaThread "http-nio-8080-exec-5" daemon [_thread_blocked, id=11344, stack(0x000000fd27d00000,0x000000fd27e00000)]
  0x0000026929b3b800 JavaThread "http-nio-8080-exec-4" daemon [_thread_blocked, id=18924, stack(0x000000fd27c00000,0x000000fd27d00000)]
  0x0000026929b3e000 JavaThread "http-nio-8080-exec-3" daemon [_thread_in_native, id=12108, stack(0x000000fd27b00000,0x000000fd27c00000)]
  0x0000026927040800 JavaThread "http-nio-8080-exec-2" daemon [_thread_blocked, id=17628, stack(0x000000fd27a00000,0x000000fd27b00000)]
  0x000002692b5df000 JavaThread "http-nio-8080-exec-1" daemon [_thread_blocked, id=10260, stack(0x000000fd27900000,0x000000fd27a00000)]
  0x000002692b39e000 JavaThread "http-nio-8080-BlockPoller" daemon [_thread_in_native, id=7080, stack(0x000000fd27800000,0x000000fd27900000)]
  0x0000026926c1f800 JavaThread "HikariPool-1 housekeeper" daemon [_thread_blocked, id=18356, stack(0x000000fd27700000,0x000000fd27800000)]
  0x0000026926f5e000 JavaThread "PostgreSQL-JDBC-SharedTimer-1" daemon [_thread_blocked, id=17284, stack(0x000000fd27600000,0x000000fd27700000)]
  0x000002692bc32800 JavaThread "container-0" [_thread_blocked, id=10516, stack(0x000000fd27400000,0x000000fd27500000)]
  0x0000026925ac7800 JavaThread "Catalina-utility-2" [_thread_blocked, id=3848, stack(0x000000fd27300000,0x000000fd27400000)]
  0x0000026927fea000 JavaThread "Catalina-utility-1" [_thread_blocked, id=4816, stack(0x000000fd27200000,0x000000fd27300000)]
  0x0000026925a8b000 JavaThread "Service Thread" daemon [_thread_blocked, id=3536, stack(0x000000fd27000000,0x000000fd27100000)]
  0x00000269259fb000 JavaThread "C1 CompilerThread2" daemon [_thread_blocked, id=4372, stack(0x000000fd26f00000,0x000000fd27000000)]
=>0x00000269259f9800 JavaThread "C2 CompilerThread1" daemon [_thread_in_native, id=17936, stack(0x000000fd26e00000,0x000000fd26f00000)]
  0x00000269259f6000 JavaThread "C2 CompilerThread0" daemon [_thread_blocked, id=18668, stack(0x000000fd26d00000,0x000000fd26e00000)]
  0x00000269259ed000 JavaThread "Attach Listener" daemon [_thread_blocked, id=18284, stack(0x000000fd26c00000,0x000000fd26d00000)]
  0x00000269259ec000 JavaThread "Signal Dispatcher" daemon [_thread_blocked, id=18104, stack(0x000000fd26b00000,0x000000fd26c00000)]
  0x00000269259c5000 JavaThread "Finalizer" daemon [_thread_blocked, id=13596, stack(0x000000fd26a00000,0x000000fd26b00000)]
  0x000002692599d000 JavaThread "Reference Handler" daemon [_thread_blocked, id=7736, stack(0x000000fd26900000,0x000000fd26a00000)]

Other Threads:
  0x0000026925991800 VMThread [stack: 0x000000fd26800000,0x000000fd26900000] [id=7004]
  0x0000026925abd000 WatcherThread [stack: 0x000000fd27100000,0x000000fd27200000] [id=6404]

VM state:not at safepoint (normal execution)

VM Mutex/Monitor currently owned by a thread: None

heap address: 0x00000000c1000000, size: 1008 MB, Compressed Oops mode: 32-bit
Narrow klass base: 0x0000000000000000, Narrow klass shift: 3
Compressed class space size: 1073741824 Address: 0x0000000100000000

Heap:
 PSYoungGen      total 151040K, used 50709K [0x00000000eb000000, 0x00000000f7c00000, 0x0000000100000000)
  eden space 136192K, 37% used [0x00000000eb000000,0x00000000ee1856a0,0x00000000f3500000)
  from space 14848K, 0% used [0x00000000f3500000,0x00000000f3500000,0x00000000f4380000)
  to   space 14848K, 0% used [0x00000000f6d80000,0x00000000f6d80000,0x00000000f7c00000)
 ParOldGen       total 74752K, used 26141K [0x00000000c1000000, 0x00000000c5900000, 0x00000000eb000000)
  object space 74752K, 34% used [0x00000000c1000000,0x00000000c2987608,0x00000000c5900000)
 Metaspace       used 60868K, capacity 64986K, committed 65112K, reserved 1105920K
  class space    used 8340K, capacity 9029K, committed 9088K, reserved 1048576K

Card table byte_map: [0x00000269224c0000,0x00000269226c0000] byte_map_base: 0x0000026921eb8000

Marking Bits: (ParMarkBitMap*) 0x000000006cc46ff0
 Begin Bits: [0x0000026922810000, 0x00000269237d0000)
 End Bits:   [0x00000269237d0000, 0x0000026924790000)

Polling page: 0x00000269117d0000

CodeCache: size=245760Kb used=15827Kb max_used=16886Kb free=229932Kb
 bounds [0x0000026913100000, 0x00000269141a0000, 0x0000026922100000]
 total_blobs=5148 nmethods=4616 adapters=444
 compilation: enabled

Compilation events (10 events):
Event: 111.598 Thread 0x00000269259f6000 5408       4       java.lang.Character::toUpperCase (6 bytes)
Event: 111.601 Thread 0x00000269259f6000 nmethod 5408 0x00000269135228d0 code [0x0000026913522ae0, 0x0000026913522c38]
Event: 111.613 Thread 0x00000269259f9800 nmethod 5406 0x00000269137ede10 code [0x00000269137edfa0, 0x00000269137ee958]
Event: 111.623 Thread 0x00000269259f6000 5409       4       java.lang.String::equalsIgnoreCase (48 bytes)
Event: 111.624 Thread 0x00000269259f6000 nmethod 5409 0x0000026913b02e10 code [0x0000026913b02f60, 0x0000026913b03048]
Event: 111.648 Thread 0x00000269259f9800 5410   !   4       java.net.URL::<init> (543 bytes)
Event: 111.679 Thread 0x00000269259fb000 5411       1       antlr.BaseAST::getNextSibling (5 bytes)
Event: 111.680 Thread 0x00000269259fb000 nmethod 5411 0x0000026913f16a90 code [0x0000026913f16be0, 0x0000026913f16cf8]
Event: 111.707 Thread 0x00000269259fb000 5412       1       antlr.BaseAST::getFirstChild (5 bytes)
Event: 111.707 Thread 0x00000269259fb000 nmethod 5412 0x00000269138a0090 code [0x00000269138a01e0, 0x00000269138a02f8]

GC Heap History (10 events):
Event: 12.480 GC heap before
{Heap before GC invocations=10 (full 1):
 PSYoungGen      total 112640K, used 108232K [0x00000000eb000000, 0x00000000f3f00000, 0x0000000100000000)
  eden space 104448K, 95% used [0x00000000eb000000,0x00000000f11b8318,0x00000000f1600000)
  from space 8192K, 99% used [0x00000000f3700000,0x00000000f3ef9d70,0x00000000f3f00000)
  to   space 9216K, 0% used [0x00000000f2d00000,0x00000000f2d00000,0x00000000f3600000)
 ParOldGen       total 34816K, used 9218K [0x00000000c1000000, 0x00000000c3200000, 0x00000000eb000000)
  object space 34816K, 26% used [0x00000000c1000000,0x00000000c1900a88,0x00000000c3200000)
 Metaspace       used 33598K, capacity 35348K, committed 35456K, reserved 1079296K
  class space    used 4338K, capacity 4678K, committed 4736K, reserved 1048576K
Event: 12.501 GC heap after
Heap after GC invocations=10 (full 1):
 PSYoungGen      total 137216K, used 9209K [0x00000000eb000000, 0x00000000f4e80000, 0x0000000100000000)
  eden space 128000K, 0% used [0x00000000eb000000,0x00000000eb000000,0x00000000f2d00000)
  from space 9216K, 99% used [0x00000000f2d00000,0x00000000f35fe520,0x00000000f3600000)
  to   space 11264K, 0% used [0x00000000f4380000,0x00000000f4380000,0x00000000f4e80000)
 ParOldGen       total 34816K, used 11416K [0x00000000c1000000, 0x00000000c3200000, 0x00000000eb000000)
  object space 34816K, 32% used [0x00000000c1000000,0x00000000c1b261d8,0x00000000c3200000)
 Metaspace       used 33598K, capacity 35348K, committed 35456K, reserved 1079296K
  class space    used 4338K, capacity 4678K, committed 4736K, reserved 1048576K
}
Event: 12.501 GC heap before
{Heap before GC invocations=11 (full 2):
 PSYoungGen      total 137216K, used 9209K [0x00000000eb000000, 0x00000000f4e80000, 0x0000000100000000)
  eden space 128000K, 0% used [0x00000000eb000000,0x00000000eb000000,0x00000000f2d00000)
  from space 9216K, 99% used [0x00000000f2d00000,0x00000000f35fe520,0x00000000f3600000)
  to   space 11264K, 0% used [0x00000000f4380000,0x00000000f4380000,0x00000000f4e80000)
 ParOldGen       total 34816K, used 11416K [0x00000000c1000000, 0x00000000c3200000, 0x00000000eb000000)
  object space 34816K, 32% used [0x00000000c1000000,0x00000000c1b261d8,0x00000000c3200000)
 Metaspace       used 33598K, capacity 35348K, committed 35456K, reserved 1079296K
  class space    used 4338K, capacity 4678K, committed 4736K, reserved 1048576K
Event: 12.568 GC heap after
Heap after GC invocations=11 (full 2):
 PSYoungGen      total 137216K, used 0K [0x00000000eb000000, 0x00000000f4e80000, 0x0000000100000000)
  eden space 128000K, 0% used [0x00000000eb000000,0x00000000eb000000,0x00000000f2d00000)
  from space 9216K, 0% used [0x00000000f2d00000,0x00000000f2d00000,0x00000000f3600000)
  to   space 11264K, 0% used [0x00000000f4380000,0x00000000f4380000,0x00000000f4e80000)
 ParOldGen       total 52224K, used 16783K [0x00000000c1000000, 0x00000000c4300000, 0x00000000eb000000)
  object space 52224K, 32% used [0x00000000c1000000,0x00000000c2063c98,0x00000000c4300000)
 Metaspace       used 33598K, capacity 35348K, committed 35456K, reserved 1079296K
  class space    used 4338K, capacity 4678K, committed 4736K, reserved 1048576K
}
Event: 18.949 GC heap before
{Heap before GC invocations=12 (full 2):
 PSYoungGen      total 137216K, used 128000K [0x00000000eb000000, 0x00000000f4e80000, 0x0000000100000000)
  eden space 128000K, 100% used [0x00000000eb000000,0x00000000f2d00000,0x00000000f2d00000)
  from space 9216K, 0% used [0x00000000f2d00000,0x00000000f2d00000,0x00000000f3600000)
  to   space 11264K, 0% used [0x00000000f4380000,0x00000000f4380000,0x00000000f4e80000)
 ParOldGen       total 52224K, used 16783K [0x00000000c1000000, 0x00000000c4300000, 0x00000000eb000000)
  object space 52224K, 32% used [0x00000000c1000000,0x00000000c2063c98,0x00000000c4300000)
 Metaspace       used 48951K, capacity 51228K, committed 51456K, reserved 1093632K
  class space    used 6626K, capacity 7058K, committed 7168K, reserved 1048576K
Event: 18.977 GC heap after
Heap after GC invocations=12 (full 2):
 PSYoungGen      total 147456K, used 11246K [0x00000000eb000000, 0x00000000f7380000, 0x0000000100000000)
  eden space 136192K, 0% used [0x00000000eb000000,0x00000000eb000000,0x00000000f3500000)
  from space 11264K, 99% used [0x00000000f4380000,0x00000000f4e7b9c0,0x00000000f4e80000)
  to   space 14848K, 0% used [0x00000000f3500000,0x00000000f3500000,0x00000000f4380000)
 ParOldGen       total 52224K, used 22339K [0x00000000c1000000, 0x00000000c4300000, 0x00000000eb000000)
  object space 52224K, 42% used [0x00000000c1000000,0x00000000c25d0c70,0x00000000c4300000)
 Metaspace       used 48951K, capacity 51228K, committed 51456K, reserved 1093632K
  class space    used 6626K, capacity 7058K, committed 7168K, reserved 1048576K
}
Event: 21.567 GC heap before
{Heap before GC invocations=13 (full 2):
 PSYoungGen      total 147456K, used 99697K [0x00000000eb000000, 0x00000000f7380000, 0x0000000100000000)
  eden space 136192K, 64% used [0x00000000eb000000,0x00000000f0660bd8,0x00000000f3500000)
  from space 11264K, 99% used [0x00000000f4380000,0x00000000f4e7b9c0,0x00000000f4e80000)
  to   space 14848K, 0% used [0x00000000f3500000,0x00000000f3500000,0x00000000f4380000)
 ParOldGen       total 52224K, used 22339K [0x00000000c1000000, 0x00000000c4300000, 0x00000000eb000000)
  object space 52224K, 42% used [0x00000000c1000000,0x00000000c25d0c70,0x00000000c4300000)
 Metaspace       used 55832K, capacity 59006K, committed 59096K, reserved 1099776K
  class space    used 7565K, capacity 8105K, committed 8192K, reserved 1048576K
Event: 21.589 GC heap after
Heap after GC invocations=13 (full 2):
 PSYoungGen      total 151040K, used 9768K [0x00000000eb000000, 0x00000000f7c00000, 0x0000000100000000)
  eden space 136192K, 0% used [0x00000000eb000000,0x00000000eb000000,0x00000000f3500000)
  from space 14848K, 65% used [0x00000000f3500000,0x00000000f3e8a2a0,0x00000000f4380000)
  to   space 14848K, 0% used [0x00000000f6d80000,0x00000000f6d80000,0x00000000f7c00000)
 ParOldGen       total 52224K, used 27992K [0x00000000c1000000, 0x00000000c4300000, 0x00000000eb000000)
  object space 52224K, 53% used [0x00000000c1000000,0x00000000c2b562c0,0x00000000c4300000)
 Metaspace       used 55832K, capacity 59006K, committed 59096K, reserved 1099776K
  class space    used 7565K, capacity 8105K, committed 8192K, reserved 1048576K
}
Event: 21.589 GC heap before
{Heap before GC invocations=14 (full 3):
 PSYoungGen      total 151040K, used 9768K [0x00000000eb000000, 0x00000000f7c00000, 0x0000000100000000)
  eden space 136192K, 0% used [0x00000000eb000000,0x00000000eb000000,0x00000000f3500000)
  from space 14848K, 65% used [0x00000000f3500000,0x00000000f3e8a2a0,0x00000000f4380000)
  to   space 14848K, 0% used [0x00000000f6d80000,0x00000000f6d80000,0x00000000f7c00000)
 ParOldGen       total 52224K, used 27992K [0x00000000c1000000, 0x00000000c4300000, 0x00000000eb000000)
  object space 52224K, 53% used [0x00000000c1000000,0x00000000c2b562c0,0x00000000c4300000)
 Metaspace       used 55832K, capacity 59006K, committed 59096K, reserved 1099776K
  class space    used 7565K, capacity 8105K, committed 8192K, reserved 1048576K
Event: 21.800 GC heap after
Heap after GC invocations=14 (full 3):
 PSYoungGen      total 151040K, used 0K [0x00000000eb000000, 0x00000000f7c00000, 0x0000000100000000)
  eden space 136192K, 0% used [0x00000000eb000000,0x00000000eb000000,0x00000000f3500000)
  from space 14848K, 0% used [0x00000000f3500000,0x00000000f3500000,0x00000000f4380000)
  to   space 14848K, 0% used [0x00000000f6d80000,0x00000000f6d80000,0x00000000f7c00000)
 ParOldGen       total 74752K, used 26141K [0x00000000c1000000, 0x00000000c5900000, 0x00000000eb000000)
  object space 74752K, 34% used [0x00000000c1000000,0x00000000c2987608,0x00000000c5900000)
 Metaspace       used 55832K, capacity 59006K, committed 59096K, reserved 1099776K
  class space    used 7565K, capacity 8105K, committed 8192K, reserved 1048576K
}

Deoptimization events (10 events):
Event: 22.898 Thread 0x00000269118aa800 Uncommon trap: reason=unstable_if action=reinterpret pc=0x00000269137b5ce8 method=java.util.regex.Pattern$BmpCharProperty.match(Ljava/util/regex/Matcher;ILjava/lang/CharSequence;)Z @ 34
Event: 22.960 Thread 0x00000269118aa800 Uncommon trap: reason=unstable_if action=reinterpret pc=0x0000026913a16958 method=org.springframework.util.ConcurrentReferenceHashMap$Segment.clear()V @ 7
Event: 93.487 Thread 0x0000026927040800 Uncommon trap: reason=unstable_if action=reinterpret pc=0x0000026913cc48d4 method=java.util.concurrent.ConcurrentHashMap.putVal(Ljava/lang/Object;Ljava/lang/Object;Z)Ljava/lang/Object; @ 98
Event: 95.971 Thread 0x0000026927040800 Uncommon trap: reason=unstable_if action=reinterpret pc=0x000002691358bf70 method=java.util.IdentityHashMap.maskNull(Ljava/lang/Object;)Ljava/lang/Object; @ 1
Event: 111.298 Thread 0x0000026929b3e000 Uncommon trap: reason=unstable_if action=reinterpret pc=0x0000026914184ff0 method=org.springframework.transaction.annotation.SpringTransactionAnnotationParser.parseTransactionAnnotation(Ljava/lang/reflect/AnnotatedElement;)Lorg/springframework/transaction
Event: 111.455 Thread 0x0000026929b3e000 Uncommon trap: reason=unstable_if action=reinterpret pc=0x0000026913206524 method=java.util.StringTokenizer.scanToken(I)I @ 96
Event: 111.567 Thread 0x0000026929b3e000 Uncommon trap: reason=bimorphic action=maybe_recompile pc=0x0000026913551310 method=java.util.Hashtable.get(Ljava/lang/Object;)Ljava/lang/Object; @ 45
Event: 111.573 Thread 0x0000026929b3e000 Uncommon trap: reason=bimorphic action=maybe_recompile pc=0x0000026913551310 method=java.util.Hashtable.get(Ljava/lang/Object;)Ljava/lang/Object; @ 45
Event: 111.574 Thread 0x0000026929b3e000 Uncommon trap: reason=bimorphic action=maybe_recompile pc=0x0000026913551310 method=java.util.Hashtable.get(Ljava/lang/Object;)Ljava/lang/Object; @ 45
Event: 111.574 Thread 0x0000026929b3e000 Uncommon trap: reason=unstable_if action=reinterpret pc=0x00000269132247c0 method=java.lang.CharacterData.of(I)Ljava/lang/CharacterData; @ 4

Classes redefined (0 events):
No events

Internal exceptions (10 events):
Event: 20.850 Thread 0x00000269118aa800 Exception <a 'java/lang/ClassNotFoundException': springfox/documentation/spring/web/plugins/AbstractDocumentationPluginsBootstrapperCustomizer> (0x00000000eec6b658) thrown at [C:\jenkins\workspace\8-2-build-windows-amd64-cygwin\jdk8u281\880\hotspot\src\sh
Event: 20.852 Thread 0x00000269118aa800 Exception <a 'java/lang/ClassNotFoundException': springfox/documentation/spring/web/plugins/DocumentationPluginsBootstrapperCustomizer> (0x00000000eeca6868) thrown at [C:\jenkins\workspace\8-2-build-windows-amd64-cygwin\jdk8u281\880\hotspot\src\share\vm\c
Event: 20.855 Thread 0x00000269118aa800 Exception <a 'java/lang/ClassNotFoundException': org/springframework/context/SmartLifecycleCustomizer> (0x00000000eecd9a68) thrown at [C:\jenkins\workspace\8-2-build-windows-amd64-cygwin\jdk8u281\880\hotspot\src\share\vm\classfile\systemDictionary.cpp, li
Event: 20.856 Thread 0x00000269118aa800 Exception <a 'java/lang/ClassNotFoundException': org/springframework/context/LifecycleCustomizer> (0x00000000eecf0518) thrown at [C:\jenkins\workspace\8-2-build-windows-amd64-cygwin\jdk8u281\880\hotspot\src\share\vm\classfile\systemDictionary.cpp, line 21
Event: 20.856 Thread 0x00000269118aa800 Exception <a 'java/lang/ClassNotFoundException': org/springframework/context/PhasedCustomizer> (0x00000000eed05768) thrown at [C:\jenkins\workspace\8-2-build-windows-amd64-cygwin\jdk8u281\880\hotspot\src\share\vm\classfile\systemDictionary.cpp, line 212]
Event: 20.948 Thread 0x00000269118aa800 Exception <a 'java/lang/ClassNotFoundException': java/lang/ObjectCustomizer> (0x00000000eefd89a8) thrown at [C:\jenkins\workspace\8-2-build-windows-amd64-cygwin\jdk8u281\880\hotspot\src\share\vm\classfile\systemDictionary.cpp, line 212]
Event: 20.949 Thread 0x00000269118aa800 Exception <a 'java/lang/ClassNotFoundException': org/springframework/data/auditing/AuditingHandlerCustomizer> (0x00000000eeff4328) thrown at [C:\jenkins\workspace\8-2-build-windows-amd64-cygwin\jdk8u281\880\hotspot\src\share\vm\classfile\systemDictionary.
Event: 20.951 Thread 0x00000269118aa800 Exception <a 'java/lang/ClassNotFoundException': org/springframework/beans/factory/InitializingBeanCustomizer> (0x00000000ef017980) thrown at [C:\jenkins\workspace\8-2-build-windows-amd64-cygwin\jdk8u281\880\hotspot\src\share\vm\classfile\systemDictionary
Event: 21.414 Thread 0x00000269118aa800 Exception <a 'java/lang/IncompatibleClassChangeError': Found class java.lang.Object, but interface was expected> (0x00000000f019ad10) thrown at [C:\jenkins\workspace\8-2-build-windows-amd64-cygwin\jdk8u281\880\hotspot\src\share\vm\interpreter\linkResolver
Event: 22.589 Thread 0x00000269118aa800 Exception <a 'java/lang/NoSuchMethodError': java.lang.Object.lambda$isEqual$3(Ljava/lang/Object;Ljava/lang/Object;)Z> (0x00000000ec4f5a40) thrown at [C:\jenkins\workspace\8-2-build-windows-amd64-cygwin\jdk8u281\880\hotspot\src\share\vm\interpreter\linkRes

Events (10 events):
Event: 111.727 loading class org/hibernate/internal/CoreMessageLogger_$logger_en_US
Event: 111.727 loading class org/hibernate/internal/CoreMessageLogger_$logger_en_US done
Event: 111.727 loading class org/hibernate/internal/CoreMessageLogger_$logger_en
Event: 111.727 loading class org/hibernate/internal/CoreMessageLogger_$logger_en done
Event: 111.728 loading class org/hibernate/hql/internal/ast/tree/ImpliedFromElement
Event: 111.728 loading class org/hibernate/hql/internal/ast/tree/ImpliedFromElement done
Event: 111.729 loading class org/hibernate/engine/internal/JoinSequence
Event: 111.729 loading class org/hibernate/engine/internal/JoinSequence done
Event: 111.731 loading class org/hibernate/sql/QueryJoinFragment
Event: 111.731 loading class org/hibernate/sql/QueryJoinFragment done


Dynamic libraries:
0x00007ff7387b0000 - 0x00007ff7387f7000 	C:\Program Files\Java\jre1.8.0_281\bin\javaw.exe
0x00007ffb0cec0000 - 0x00007ffb0d0b0000 	C:\WINDOWS\SYSTEM32\ntdll.dll
0x00007ffb0bae0000 - 0x00007ffb0bb92000 	C:\WINDOWS\System32\KERNEL32.DLL
0x00007ffb0a1e0000 - 0x00007ffb0a485000 	C:\WINDOWS\System32\KERNELBASE.dll
0x00007ffb0c690000 - 0x00007ffb0c733000 	C:\WINDOWS\System32\ADVAPI32.dll
0x00007ffb0ba40000 - 0x00007ffb0bade000 	C:\WINDOWS\System32\msvcrt.dll
0x00007ffb0c010000 - 0x00007ffb0c0a7000 	C:\WINDOWS\System32\sechost.dll
0x00007ffb0c740000 - 0x00007ffb0c85f000 	C:\WINDOWS\System32\RPCRT4.dll
0x00007ffb0c0c0000 - 0x00007ffb0c254000 	C:\WINDOWS\System32\USER32.dll
0x00007ffb0a1b0000 - 0x00007ffb0a1d1000 	C:\WINDOWS\System32\win32u.dll
0x00007ffb0cb50000 - 0x00007ffb0cb76000 	C:\WINDOWS\System32\GDI32.dll
0x00007ffb0a620000 - 0x00007ffb0a7b8000 	C:\WINDOWS\System32\gdi32full.dll
0x00007ffb0a0c0000 - 0x00007ffb0a15e000 	C:\WINDOWS\System32\msvcp_win.dll
0x00007ffb0a520000 - 0x00007ffb0a61a000 	C:\WINDOWS\System32\ucrtbase.dll
0x00007ffaf8ad0000 - 0x00007ffaf8d54000 	C:\WINDOWS\WinSxS\amd64_microsoft.windows.common-controls_6595b64144ccf1df_6.0.18362.1556_none_9e7e372fe45e41d5\COMCTL32.dll
0x00007ffb0b010000 - 0x00007ffb0b346000 	C:\WINDOWS\System32\combase.dll
0x00007ffb0a490000 - 0x00007ffb0a511000 	C:\WINDOWS\System32\bcryptPrimitives.dll
0x00007ffb0c860000 - 0x00007ffb0c88e000 	C:\WINDOWS\System32\IMM32.DLL
0x00007ffb058e0000 - 0x00007ffb058f5000 	C:\Program Files\Java\jre1.8.0_281\bin\vcruntime140.dll
0x00007ffad1ea0000 - 0x00007ffad1f3b000 	C:\Program Files\Java\jre1.8.0_281\bin\msvcp140.dll
0x000000006c460000 - 0x000000006ccbf000 	C:\Program Files\Java\jre1.8.0_281\bin\server\jvm.dll
0x00007ffb0cb40000 - 0x00007ffb0cb48000 	C:\WINDOWS\System32\PSAPI.DLL
0x00007ffb030f0000 - 0x00007ffb03114000 	C:\WINDOWS\SYSTEM32\WINMM.dll
0x00007ffae3750000 - 0x00007ffae3759000 	C:\WINDOWS\SYSTEM32\WSOCK32.dll
0x00007ffb0c950000 - 0x00007ffb0c9bf000 	C:\WINDOWS\System32\WS2_32.dll
0x00007ffb02830000 - 0x00007ffb0283a000 	C:\WINDOWS\SYSTEM32\VERSION.dll
0x00007ffb030c0000 - 0x00007ffb030ed000 	C:\WINDOWS\SYSTEM32\winmmbase.dll
0x00007ffb09e00000 - 0x00007ffb09e4a000 	C:\WINDOWS\System32\cfgmgr32.dll
0x00007ffb09dc0000 - 0x00007ffb09dd1000 	C:\WINDOWS\System32\kernel.appcore.dll
0x00007ffb04880000 - 0x00007ffb04890000 	C:\Program Files\Java\jre1.8.0_281\bin\verify.dll
0x00007ffade3e0000 - 0x00007ffade40b000 	C:\Program Files\Java\jre1.8.0_281\bin\java.dll
0x00007ffaf8660000 - 0x00007ffaf8678000 	C:\Program Files\Java\jre1.8.0_281\bin\zip.dll
0x00007ffb0b350000 - 0x00007ffb0ba37000 	C:\WINDOWS\System32\SHELL32.dll
0x00007ffb0c340000 - 0x00007ffb0c3e8000 	C:\WINDOWS\System32\shcore.dll
0x00007ffb0a7c0000 - 0x00007ffb0af3b000 	C:\WINDOWS\System32\windows.storage.dll
0x00007ffb09da0000 - 0x00007ffb09dbe000 	C:\WINDOWS\System32\profapi.dll
0x00007ffb09d50000 - 0x00007ffb09d9a000 	C:\WINDOWS\System32\powrprof.dll
0x00007ffb09d40000 - 0x00007ffb09d50000 	C:\WINDOWS\System32\UMPDC.dll
0x00007ffb0c890000 - 0x00007ffb0c8e2000 	C:\WINDOWS\System32\shlwapi.dll
0x00007ffb0a190000 - 0x00007ffb0a1a7000 	C:\WINDOWS\System32\cryptsp.dll
0x00007ffb058d0000 - 0x00007ffb058dd000 	C:\Program Files\Java\jre1.8.0_281\bin\management.dll
0x00007ffaf8550000 - 0x00007ffaf856c000 	C:\Program Files\Java\jre1.8.0_281\bin\net.dll
0x00007ffb09580000 - 0x00007ffb095e7000 	C:\WINDOWS\system32\mswsock.dll
0x00007ffade2d0000 - 0x00007ffade2e6000 	C:\WINDOWS\system32\napinsp.dll
0x00007ffade2b0000 - 0x00007ffade2ca000 	C:\WINDOWS\system32\pnrpnsp.dll
0x00007ffb092d0000 - 0x00007ffb0939b000 	C:\WINDOWS\SYSTEM32\DNSAPI.dll
0x00007ffb0c0b0000 - 0x00007ffb0c0b8000 	C:\WINDOWS\System32\NSI.dll
0x00007ffb09290000 - 0x00007ffb092ca000 	C:\WINDOWS\SYSTEM32\IPHLPAPI.DLL
0x00007ffae1490000 - 0x00007ffae149e000 	C:\WINDOWS\System32\winrnr.dll
0x00007ffb066a0000 - 0x00007ffb066bc000 	C:\WINDOWS\system32\NLAapi.dll
0x00007ffb05940000 - 0x00007ffb05955000 	C:\WINDOWS\system32\wshbth.dll
0x00007ffb032d0000 - 0x00007ffb032da000 	C:\Windows\System32\rasadhlp.dll
0x00007ffafe730000 - 0x00007ffafe7a7000 	C:\WINDOWS\System32\fwpuclnt.dll
0x00007ffb0a160000 - 0x00007ffb0a186000 	C:\WINDOWS\System32\bcrypt.dll
0x00007ffaf7290000 - 0x00007ffaf72a3000 	C:\Program Files\Java\jre1.8.0_281\bin\nio.dll
0x00007ffb09100000 - 0x00007ffb09133000 	C:\WINDOWS\system32\rsaenh.dll
0x00007ffb09c30000 - 0x00007ffb09c55000 	C:\WINDOWS\SYSTEM32\USERENV.dll
0x00007ffb09750000 - 0x00007ffb0975c000 	C:\WINDOWS\SYSTEM32\CRYPTBASE.dll
0x00007ffb00550000 - 0x00007ffb00566000 	C:\WINDOWS\SYSTEM32\dhcpcsvc6.DLL
0x00007ffb03340000 - 0x00007ffb0335c000 	C:\WINDOWS\SYSTEM32\dhcpcsvc.DLL
0x00007ffad2180000 - 0x00007ffad21a4000 	C:\Program Files\Java\jre1.8.0_281\bin\sunec.dll
0x00007ffb07f30000 - 0x00007ffb08124000 	C:\WINDOWS\SYSTEM32\dbghelp.dll

VM Arguments:
jvm_args: -Dfile.encoding=UTF-8 
java_command: com.duka.sales.SalesApplication
java_class_path (initial): C:\Users\edwin\Downloads\sales\sales\target\classes;C:\Users\edwin\.m2\repository\org\springframework\boot\spring-boot-starter-amqp\2.3.9.RELEASE\spring-boot-starter-amqp-2.3.9.RELEASE.jar;C:\Users\edwin\.m2\repository\org\springframework\boot\spring-boot-starter\2.3.9.RELEASE\spring-boot-starter-2.3.9.RELEASE.jar;C:\Users\edwin\.m2\repository\org\springframework\boot\spring-boot\2.3.9.RELEASE\spring-boot-2.3.9.RELEASE.jar;C:\Users\edwin\.m2\repository\org\springframework\boot\spring-boot-autoconfigure\2.3.9.RELEASE\spring-boot-autoconfigure-2.3.9.RELEASE.jar;C:\Users\edwin\.m2\repository\org\springframework\boot\spring-boot-starter-logging\2.3.9.RELEASE\spring-boot-starter-logging-2.3.9.RELEASE.jar;C:\Users\edwin\.m2\repository\ch\qos\logback\logback-classic\1.2.3\logback-classic-1.2.3.jar;C:\Users\edwin\.m2\repository\ch\qos\logback\logback-core\1.2.3\logback-core-1.2.3.jar;C:\Users\edwin\.m2\repository\org\apache\logging\log4j\log4j-to-slf4j\2.13.3\log4j-to-slf4j-2.13.3.jar;C:\Users\edwin\.m2\repository\org\apache\logging\log4j\log4j-api\2.13.3\log4j-api-2.13.3.jar;C:\Users\edwin\.m2\repository\org\slf4j\jul-to-slf4j\1.7.30\jul-to-slf4j-1.7.30.jar;C:\Users\edwin\.m2\repository\jakarta\annotation\jakarta.annotation-api\1.3.5\jakarta.annotation-api-1.3.5.jar;C:\Users\edwin\.m2\repository\org\yaml\snakeyaml\1.26\snakeyaml-1.26.jar;C:\Users\edwin\.m2\repository\org\springframework\spring-messaging\5.2.13.RELEASE\spring-messaging-5.2.13.RELEASE.jar;C:\Users\edwin\.m2\repository\org\springframework\spring-beans\5.2.13.RELEASE\spring-beans-5.2.13.RELEASE.jar;C:\Users\edwin\.m2\repository\org\springframework\amqp\spring-rabbit\2.2.15.RELEASE\spring-rabbit-2.2.15.RELEASE.jar;C:\Users\edwin\.m2\repository\com\rabbitmq\amqp-client\5.9.0\amqp-client-5.9.0.jar;C:\Users\edwin\.m2\repository\org\springframework\amqp\spring-amqp\2.2.15.RELEASE\spring-amqp-2.2.15.RELEASE.jar;C:\Users\edwin\.m2\repository\org\springframework\retry\spring-retry\1.2.5.RE
Launcher Type: SUN_STANDARD

Environment Variables:
JAVA_HOME=C:\Program Files\Java\jdk1.8.0_281
PATH=C:/Program Files/Java/jre1.8.0_281/bin/server;C:/Program Files/Java/jre1.8.0_281/bin;C:/Program Files/Java/jre1.8.0_281/lib/amd64;C:\Program Files (x86)\VMware\VMware Workstation\bin\;C:\Program Files (x86)\Common Files\Oracle\Java\javapath;C:\Program Files\Python38\Scripts\;C:\Program Files\Python38\;C:\Program Files (x86)\Microsoft SDKs\Azure\CLI2\wbin;C:\ProgramData\DockerDesktop\version-bin;C:\Program Files\Docker\Docker\Resources\bin;C:\WINDOWS\system32;C:\WINDOWS;C:\WINDOWS\System32\Wbem;C:\WINDOWS\System32\WindowsPowerShell\v1.0\;C:\WINDOWS\System32\OpenSSH\;C:\ProgramData\ComposerSetup\bin;C:\Program Files (x86)\Common Files\Intuit\QBPOSSDKRuntime;C:\ProgramData\chocolatey\bin;C:\Program Files\RabbitMQ Server\rabbitmq_server-3.7.17\sbin;C:\Program Files\Git\cmd;C:\Program Files\PuTTY\;C:\Program Files\PostgreSQL\12\bin;C:\Program Files (x86)\VideoLAN\VLC;C:\xampp7.3\php;C:\Program Files\dotnet\;C:\Program Files\nodejs\;C:\Users\edwin\AppData\Local\Programs\Python\Python37\Scripts\;C:\Users\edwin\AppData\Local\Programs\Python\Python37\;C:\Users\edwin\AppData\Local\Programs\Python\Python36\Scripts\;C:\Users\edwin\AppData\Local\Programs\Python\Python36\;C:\Users\edwin\AppData\Local\Microsoft\WindowsApps;C:\Users\edwin\AppData\Roaming\Composer\vendor\bin;C:\Program Files\heroku\bin;C:\Program Files\apache-maven-3.6.1\bin;C:\Users\edwin\AppData\Local\Programs\Microsoft VS Code\bin;C:\php7.1;C:\Program Files (x86)\Nmap;C:\Users\edwin\.dotnet\tools;C:\Users\edwin\AppData\Roaming\npm;C:\WINDOWS\system32;
USERNAME=edwin
OS=Windows_NT
PROCESSOR_IDENTIFIER=Intel64 Family 6 Model 69 Stepping 1, GenuineIntel



---------------  S Y S T E M  ---------------

OS: Windows 10.0 , 64 bit Build 18362 (10.0.18362.1500)

CPU:total 4 (initial active 4) (2 cores per cpu, 2 threads per core) family 6 model 69 stepping 1, cmov, cx8, fxsr, mmx, sse, sse2, sse3, ssse3, sse4.1, sse4.2, popcnt, avx, avx2, aes, clmul, erms, lzcnt, ht, tsc, tscinvbit, bmi1, bmi2

Memory: 4k page, physical 4122776k(476032k free), swap 10169480k(736k free)

vm_info: Java HotSpot(TM) 64-Bit Server VM (25.281-b09) for windows-amd64 JRE (1.8.0_281-b09), built on Dec  9 2020 13:54:07 by "" with MS VC++ 15.9 (VS2017)

time: Thu Sep 23 12:52:14 2021
timezone: E. Africa Standard Time
elapsed time: 111.804215 seconds (0d 0h 1m 51s)

